---------------------------------------------
PIC ASSEMBLER LISTING
Line    Address Opcode  Instruction
---------------------------------------------
0001    0000            ; Compiled with: PIC Simulator IDE v8.55
0002    0000            ; Microcontroller model: PIC16F877A
0003    0000            ; Clock frequency: 4.0MHz
0004    0000            ;
0005    0000            ;       The address of 'd1' (byte) (global) is 0x021
0006    0000            ;       The address of 'display' (byte) (global) is 0x020
0007    0000            	ORG 0x0000
0008    0000    118A    	BCF PCLATH,3
0009    0001    120A    	BCF PCLATH,4
0010    0002    2805    	GOTO L0003
0011    0003            	ORG 0x0004
0012    0004    0009    	RETFIE
0013    0005            ; User code start
0014    0005            L0003:
0015    0005            ; 1: Dim d1 As Byte
0016    0005            ; 2: Dim display As Byte
0017    0005            ; 3: d1 = 0
0018    0005    01A1    	CLRF 0x021
0019    0006            ; 4: TRISB = 0
0020    0006    1683    	BSF STATUS,RP0
0021    0007    0186    	CLRF TRISB
0022    0008    1283    	BCF STATUS,RP0
0023    0009            ; 5: main:
0024    0009            L0001:
0025    0009            ; 6: display = d1
0026    0009    0821    	MOVF 0x021,W
0027    000A    00A0    	MOVWF 0x020
0028    000B            ; 7: Gosub calculadisplay
0029    000B    2016    	CALL L0002
0030    000C            ; 8: PORTB = display
0031    000C    0820    	MOVF 0x020,W
0032    000D    0086    	MOVWF PORTB
0033    000E            ; 9: d1 = d1 + 1
0034    000E    0AA1    	INCF 0x021,F
0035    000F            ; 10: If d1 = 10 Then
0036    000F    0821    	MOVF 0x021,W
0037    0010    3C0A    	SUBLW 0x0A
0038    0011    1D03    	BTFSS STATUS,Z
0039    0012    2814    	GOTO L0004
0040    0013            ; 11: d1 = 0
0041    0013    01A1    	CLRF 0x021
0042    0014            ; 12: Endif
0043    0014            L0004:
0044    0014            ; 13: Goto main
0045    0014    2809    	GOTO L0001
0046    0015            ; 14: End
0047    0015    2815    L0005:	GOTO L0005
0048    0016            ; 15: calculadisplay:
0049    0016            L0002:
0050    0016            ; 16: Select Case display
0051    0016            ; 17: Case 0
0052    0016    0820    	MOVF 0x020,W
0053    0017    3C00    	SUBLW 0x00
0054    0018    1D03    	BTFSS STATUS,Z
0055    0019    281D    	GOTO L0006
0056    001A            ; 18: display = %00111111
0057    001A    303F    	MOVLW 0x3F
0058    001B    00A0    	MOVWF 0x020
0059    001C            ; 19: Case 1
0060    001C    285B    	GOTO L0007
0061    001D            L0006:
0062    001D    0820    	MOVF 0x020,W
0063    001E    3C01    	SUBLW 0x01
0064    001F    1D03    	BTFSS STATUS,Z
0065    0020    2824    	GOTO L0008
0066    0021            ; 20: display = %00000110
0067    0021    3006    	MOVLW 0x06
0068    0022    00A0    	MOVWF 0x020
0069    0023            ; 21: Case 2
0070    0023    285B    	GOTO L0009
0071    0024            L0008:
0072    0024    0820    	MOVF 0x020,W
0073    0025    3C02    	SUBLW 0x02
0074    0026    1D03    	BTFSS STATUS,Z
0075    0027    282B    	GOTO L0010
0076    0028            ; 22: display = %01011011
0077    0028    305B    	MOVLW 0x5B
0078    0029    00A0    	MOVWF 0x020
0079    002A            ; 23: Case 3
0080    002A    285B    	GOTO L0011
0081    002B            L0010:
0082    002B    0820    	MOVF 0x020,W
0083    002C    3C03    	SUBLW 0x03
0084    002D    1D03    	BTFSS STATUS,Z
0085    002E    2832    	GOTO L0012
0086    002F            ; 24: display = %01001111
0087    002F    304F    	MOVLW 0x4F
0088    0030    00A0    	MOVWF 0x020
0089    0031            ; 25: Case 4
0090    0031    285B    	GOTO L0013
0091    0032            L0012:
0092    0032    0820    	MOVF 0x020,W
0093    0033    3C04    	SUBLW 0x04
0094    0034    1D03    	BTFSS STATUS,Z
0095    0035    2839    	GOTO L0014
0096    0036            ; 26: display = %01100110
0097    0036    3066    	MOVLW 0x66
0098    0037    00A0    	MOVWF 0x020
0099    0038            ; 27: Case 5
0100    0038    285B    	GOTO L0015
0101    0039            L0014:
0102    0039    0820    	MOVF 0x020,W
0103    003A    3C05    	SUBLW 0x05
0104    003B    1D03    	BTFSS STATUS,Z
0105    003C    2840    	GOTO L0016
0106    003D            ; 28: display = %01101101
0107    003D    306D    	MOVLW 0x6D
0108    003E    00A0    	MOVWF 0x020
0109    003F            ; 29: Case 6
0110    003F    285B    	GOTO L0017
0111    0040            L0016:
0112    0040    0820    	MOVF 0x020,W
0113    0041    3C06    	SUBLW 0x06
0114    0042    1D03    	BTFSS STATUS,Z
0115    0043    2847    	GOTO L0018
0116    0044            ; 30: display = %01111101
0117    0044    307D    	MOVLW 0x7D
0118    0045    00A0    	MOVWF 0x020
0119    0046            ; 31: Case 7
0120    0046    285B    	GOTO L0019
0121    0047            L0018:
0122    0047    0820    	MOVF 0x020,W
0123    0048    3C07    	SUBLW 0x07
0124    0049    1D03    	BTFSS STATUS,Z
0125    004A    284E    	GOTO L0020
0126    004B            ; 32: display = %00000111
0127    004B    3007    	MOVLW 0x07
0128    004C    00A0    	MOVWF 0x020
0129    004D            ; 33: Case 8
0130    004D    285B    	GOTO L0021
0131    004E            L0020:
0132    004E    0820    	MOVF 0x020,W
0133    004F    3C08    	SUBLW 0x08
0134    0050    1D03    	BTFSS STATUS,Z
0135    0051    2855    	GOTO L0022
0136    0052            ; 34: display = %01111111
0137    0052    307F    	MOVLW 0x7F
0138    0053    00A0    	MOVWF 0x020
0139    0054            ; 35: Case 9
0140    0054    285B    	GOTO L0023
0141    0055            L0022:
0142    0055    0820    	MOVF 0x020,W
0143    0056    3C09    	SUBLW 0x09
0144    0057    1D03    	BTFSS STATUS,Z
0145    0058    285B    	GOTO L0024
0146    0059            ; 36: display = %01100111
0147    0059    3067    	MOVLW 0x67
0148    005A    00A0    	MOVWF 0x020
0149    005B            ; 37: EndSelect
0150    005B            L0024:
0151    005B            L0023:
0152    005B            L0021:
0153    005B            L0019:
0154    005B            L0017:
0155    005B            L0015:
0156    005B            L0013:
0157    005B            L0011:
0158    005B            L0009:
0159    005B            L0007:
0160    005B            ; 38: Return
0161    005B    0008    	RETURN
0162    005C            ; 39: 
0163    005C            ; 40: 
0164    005C            ; End of user code
0165    005C    285C    L0025:	GOTO L0025
0166    005D            ;
0167    005D            ;
0168    005D            ;
0169    005D            ;
0170    005D            ;
0171    005D            ;
0172    005D            ; End of listing
0173    005D            	END
---------------------------------------------
Number of errors = 0
